1609142072524	geckodriver	INFO	Listening on 127.0.0.1:64932
1609142075582	mozrunner::runner	INFO	Running command: "C:\\Program Files\\Mozilla Firefox\\firefox.exe" "--marionette" "-foreground" "-no-remote" "-profile" "C:\\Users\\98du\\AppData\\Local\\Temp\\rust_mozprofileJ2CaPS"
Can't find symbol 'eglSwapBuffersWithDamageEXT'.
Can't find symbol 'eglSetDamageRegionKHR'.
console.warn: SearchSettings: "get: No settings file exists, new profile?" (new Error("", "(unknown module)"))
1609142079084	Marionette	INFO	Listening on port 64940
JavaScript error: resource://activity-stream/lib/ASRouter.jsm, line 987: NS_ERROR_ILLEGAL_VALUE: Component returned failure code: 0x80070057 (NS_ERROR_ILLEGAL_VALUE) [nsIObserverService.removeObserver]
1609142093305	Marionette	INFO	Stopped listening on port 64940

###!!! [Child][RunMessage] Error: Channel closing: too late to send/recv, messages will be lost

1609142692232	geckodriver	INFO	Listening on 127.0.0.1:65018
1609142695271	mozrunner::runner	INFO	Running command: "C:\\Program Files\\Mozilla Firefox\\firefox.exe" "--marionette" "-foreground" "-no-remote" "-profile" "C:\\Users\\98du\\AppData\\Local\\Temp\\rust_mozprofilendsKvY"
Can't find symbol 'eglSwapBuffersWithDamageEXT'.
Can't find symbol 'eglSetDamageRegionKHR'.
console.warn: SearchSettings: "get: No settings file exists, new profile?" (new Error("", "(unknown module)"))
1609142696869	Marionette	INFO	Listening on port 65026
1609142697297	Marionette	WARN	TLS certificate errors will be ignored for this session
JavaScript error: resource://activity-stream/lib/ASRouter.jsm, line 987: NS_ERROR_ILLEGAL_VALUE: Component returned failure code: 0x80070057 (NS_ERROR_ILLEGAL_VALUE) [nsIObserverService.removeObserver]
1609142701522	Marionette	INFO	Stopped listening on port 65026

###!!! [Child][RunMessage] Error: Channel closing: too late to send/recv, messages will be lost

1609144150996	geckodriver	INFO	Listening on 127.0.0.1:60881
1609144154040	mozrunner::runner	INFO	Running command: "C:\\Program Files\\Mozilla Firefox\\firefox.exe" "--marionette" "-foreground" "-no-remote" "-profile" "C:\\Users\\98du\\AppData\\Local\\Temp\\rust_mozprofile5yV2BJ"
Can't find symbol 'eglSwapBuffersWithDamageEXT'.
Can't find symbol 'eglSetDamageRegionKHR'.
console.warn: SearchSettings: "get: No settings file exists, new profile?" (new Error("", "(unknown module)"))
1609144155702	Marionette	INFO	Listening on port 60891
1609144156084	Marionette	WARN	TLS certificate errors will be ignored for this session
console.error: services.settings: 
  main/message-groups Signature failed  TypeError: NetworkError when attempting to fetch resource.
console.error: services.settings: 
  main/fxmonitor-breaches Signature failed  TypeError: NetworkError when attempting to fetch resource.
console.error: services.settings: 
  main/cfr-fxa Signature failed  TypeError: NetworkError when attempting to fetch resource.
JavaScript error: resource://activity-stream/lib/ASRouter.jsm, line 987: NS_ERROR_ILLEGAL_VALUE: Component returned failure code: 0x80070057 (NS_ERROR_ILLEGAL_VALUE) [nsIObserverService.removeObserver]
console.error: services.settings: 
  main/cfr Signature failed  TypeError: NetworkError when attempting to fetch resource.
1609144163601	Marionette	INFO	Stopped listening on port 60891

###!!! [Child][RunMessage] Error: Channel closing: too late to send/recv, messages will be lost

1609144452159	geckodriver	INFO	Listening on 127.0.0.1:60993
1609144455207	mozrunner::runner	INFO	Running command: "C:\\Program Files\\Mozilla Firefox\\firefox.exe" "--marionette" "-foreground" "-no-remote" "-profile" "C:\\Users\\98du\\AppData\\Local\\Temp\\rust_mozprofileUmPh7G"
Can't find symbol 'eglSwapBuffersWithDamageEXT'.
Can't find symbol 'eglSetDamageRegionKHR'.
console.warn: SearchSettings: "get: No settings file exists, new profile?" (new Error("", "(unknown module)"))
1609144457236	Marionette	INFO	Listening on port 61001
1609144457342	Marionette	WARN	TLS certificate errors will be ignored for this session
console.error: Region.jsm: "Error fetching region" (new Error("TIMEOUT", "resource://gre/modules/Region.jsm", 726))
console.error: Region.jsm: "Failed to fetch region" (new Error("TIMEOUT", "resource://gre/modules/Region.jsm", 376))
1609144577756	Marionette	INFO	Stopped listening on port 61001

###!!! [Child][RunMessage] Error: Channel closing: too late to send/recv, messages will be lost

1609144584441	geckodriver	INFO	Listening on 127.0.0.1:61073
1609144587498	mozrunner::runner	INFO	Running command: "C:\\Program Files\\Mozilla Firefox\\firefox.exe" "--marionette" "-foreground" "-no-remote" "-profile" "C:\\Users\\98du\\AppData\\Local\\Temp\\rust_mozprofile5lmqhC"
Can't find symbol 'eglSwapBuffersWithDamageEXT'.
Can't find symbol 'eglSetDamageRegionKHR'.
console.warn: SearchSettings: "get: No settings file exists, new profile?" (new Error("", "(unknown module)"))
1609144591012	Marionette	INFO	Listening on port 61083
1609144591124	Marionette	WARN	TLS certificate errors will be ignored for this session
JavaScript error: resource://activity-stream/lib/ASRouter.jsm, line 987: NS_ERROR_ILLEGAL_VALUE: Component returned failure code: 0x80070057 (NS_ERROR_ILLEGAL_VALUE) [nsIObserverService.removeObserver]
1609144619538	Marionette	INFO	Stopped listening on port 61083

###!!! [Child][RunMessage] Error: Channel closing: too late to send/recv, messages will be lost

1609144710037	geckodriver	INFO	Listening on 127.0.0.1:51379
1609144713086	mozrunner::runner	INFO	Running command: "C:\\Program Files\\Mozilla Firefox\\firefox.exe" "--marionette" "-foreground" "-no-remote" "-profile" "C:\\Users\\98du\\AppData\\Local\\Temp\\rust_mozprofilelNxT7G"
Can't find symbol 'eglSwapBuffersWithDamageEXT'.
Can't find symbol 'eglSetDamageRegionKHR'.
console.warn: SearchSettings: "get: No settings file exists, new profile?" (new Error("", "(unknown module)"))
1609144714703	Marionette	INFO	Listening on port 51387
1609144715120	Marionette	WARN	TLS certificate errors will be ignored for this session
1609144795336	Marionette	INFO	Stopped listening on port 51387

###!!! [Child][RunMessage] Error: Channel closing: too late to send/recv, messages will be lost

1609145143404	geckodriver	INFO	Listening on 127.0.0.1:61593
1609145146439	mozrunner::runner	INFO	Running command: "C:\\Program Files\\Mozilla Firefox\\firefox.exe" "--marionette" "-foreground" "-no-remote" "-profile" "C:\\Users\\98du\\AppData\\Local\\Temp\\rust_mozprofiletglzM1"
Can't find symbol 'eglSwapBuffersWithDamageEXT'.
Can't find symbol 'eglSetDamageRegionKHR'.
console.warn: SearchSettings: "get: No settings file exists, new profile?" (new Error("", "(unknown module)"))
1609145148228	Marionette	INFO	Listening on port 61602
1609145148458	Marionette	WARN	TLS certificate errors will be ignored for this session
1609145159068	Marionette	INFO	Stopped listening on port 61602

###!!! [Child][RunMessage] Error: Channel closing: too late to send/recv, messages will be lost

1609145227684	geckodriver	INFO	Listening on 127.0.0.1:61649
1609145230745	mozrunner::runner	INFO	Running command: "C:\\Program Files\\Mozilla Firefox\\firefox.exe" "--marionette" "-foreground" "-no-remote" "-profile" "C:\\Users\\98du\\AppData\\Local\\Temp\\rust_mozprofileRWVgjU"
Can't find symbol 'eglSwapBuffersWithDamageEXT'.
Can't find symbol 'eglSetDamageRegionKHR'.
console.warn: SearchSettings: "get: No settings file exists, new profile?" (new Error("", "(unknown module)"))
1609145232333	Marionette	INFO	Listening on port 61657
1609145232787	Marionette	WARN	TLS certificate errors will be ignored for this session
1609145274250	Marionette	INFO	Stopped listening on port 61657

###!!! [Child][RunMessage] Error: Channel closing: too late to send/recv, messages will be lost

1609145591435	geckodriver	INFO	Listening on 127.0.0.1:61912
1609145594482	mozrunner::runner	INFO	Running command: "C:\\Program Files\\Mozilla Firefox\\firefox.exe" "--marionette" "-foreground" "-no-remote" "-profile" "C:\\Users\\98du\\AppData\\Local\\Temp\\rust_mozprofileQvPDLw"
Can't find symbol 'eglSwapBuffersWithDamageEXT'.
Can't find symbol 'eglSetDamageRegionKHR'.
console.warn: SearchSettings: "get: No settings file exists, new profile?" (new Error("", "(unknown module)"))
1609145596282	Marionette	INFO	Listening on port 61920
1609145596506	Marionette	WARN	TLS certificate errors will be ignored for this session
1609145758440	Marionette	INFO	Stopped listening on port 61920

###!!! [Child][RunMessage] Error: Channel closing: too late to send/recv, messages will be lost

1609145860458	geckodriver	INFO	Listening on 127.0.0.1:61995
1609145863502	mozrunner::runner	INFO	Running command: "C:\\Program Files\\Mozilla Firefox\\firefox.exe" "--marionette" "-foreground" "-no-remote" "-profile" "C:\\Users\\98du\\AppData\\Local\\Temp\\rust_mozprofileDzG73p"
Can't find symbol 'eglSwapBuffersWithDamageEXT'.
Can't find symbol 'eglSetDamageRegionKHR'.
console.warn: SearchSettings: "get: No settings file exists, new profile?" (new Error("", "(unknown module)"))
1609145865121	Marionette	INFO	Listening on port 62003
1609145865530	Marionette	WARN	TLS certificate errors will be ignored for this session
1609145884901	Marionette	INFO	Stopped listening on port 62003

###!!! [Child][RunMessage] Error: Channel closing: too late to send/recv, messages will be lost

1609145978050	geckodriver	INFO	Listening on 127.0.0.1:62062
1609145981109	mozrunner::runner	INFO	Running command: "C:\\Program Files\\Mozilla Firefox\\firefox.exe" "--marionette" "-foreground" "-no-remote" "-profile" "C:\\Users\\98du\\AppData\\Local\\Temp\\rust_mozprofile710DV2"
Can't find symbol 'eglSwapBuffersWithDamageEXT'.
Can't find symbol 'eglSetDamageRegionKHR'.
console.warn: SearchSettings: "get: No settings file exists, new profile?" (new Error("", "(unknown module)"))
1609145986873	Marionette	INFO	Listening on port 62070
1609145987339	Marionette	WARN	TLS certificate errors will be ignored for this session
1609146325177	Marionette	INFO	Stopped listening on port 62070
9146288817	mozrunner::runner	INFO	Running command: "C:\\Program Files\\Mozilla Firefox\\firefox.exe" "--marionette" "-foreground" "-no-remote" "-profile" "C:\\Users\\98du\\AppData\\Local\\Temp\\rust_mozprofileKycKBc"
Can't find symbol 'eglSwapBuffersWithDamageEXT'.
Can't find symbol 'eglSetDamageRegionKHR'.
console.warn: SearchSettings: "get: No settings file exists, new profile?" (new Error("", "(unknown module)"))
1609146290443	Marionette	INFO	Listening on port 63694
1609146290845	Marionette	WARN	TLS certificate errors will be ignored for this session
1609146324732	Marionette	INFO	Stopped listening on port 63694

###!!! [Child][RunMessage] Error: Channel closing: too late to send/recv, messages will be lost

1609146395376	geckodriver	INFO	Listening on 127.0.0.1:63745
1609146398426	mozrunner::runner	INFO	Running command: "C:\\Program Files\\Mozilla Firefox\\firefox.exe" "--marionette" "-foreground" "-no-remote" "-profile" "C:\\Users\\98du\\AppData\\Local\\Temp\\rust_mozprofilejf2o6W"
Can't find symbol 'eglSwapBuffersWithDamageEXT'.
Can't find symbol 'eglSetDamageRegionKHR'.
console.warn: SearchSettings: "get: No settings file exists, new profile?" (new Error("", "(unknown module)"))
1609146400127	Marionette	INFO	Listening on port 63753
1609146400445	Marionette	WARN	TLS certificate errors will be ignored for this session
1609146434497	Marionette	INFO	Stopped listening on port 63753

###!!! [Child][RunMessage] Error: Channel closing: too late to send/recv, messages will be lost

1609147041502	geckodriver	INFO	Listening on 127.0.0.1:57358
1609147044548	mozrunner::runner	INFO	Running command: "C:\\Program Files\\Mozilla Firefox\\firefox.exe" "--marionette" "-foreground" "-no-remote" "-profile" "C:\\Users\\98du\\AppData\\Local\\Temp\\rust_mozprofilebzRXnX"
Can't find symbol 'eglSwapBuffersWithDamageEXT'.
Can't find symbol 'eglSetDamageRegionKHR'.
console.warn: SearchSettings: "get: No settings file exists, new profile?" (new Error("", "(unknown module)"))
1609147046314	Marionette	INFO	Listening on port 57366
1609147046568	Marionette	WARN	TLS certificate errors will be ignored for this session
1609147386603	Marionette	INFO	Stopped listening on port 57366

###!!! [Child][RunMessage] Error: Channel closing: too late to send/recv, messages will be lost

1609149373295	geckodriver	INFO	Listening on 127.0.0.1:52262
1609149376345	mozrunner::runner	INFO	Running command: "C:\\Program Files\\Mozilla Firefox\\firefox.exe" "--marionette" "-foreground" "-no-remote" "-profile" "C:\\Users\\98du\\AppData\\Local\\Temp\\rust_mozprofile0ZncTk"
Can't find symbol 'eglSwapBuffersWithDamageEXT'.
Can't find symbol 'eglSetDamageRegionKHR'.
console.warn: SearchSettings: "get: No settings file exists, new profile?" (new Error("", "(unknown module)"))
1609149378055	Marionette	INFO	Listening on port 52270
1609149378377	Marionette	WARN	TLS certificate errors will be ignored for this session
JavaScript error: resource://activity-stream/lib/ASRouter.jsm, line 987: NS_ERROR_ILLEGAL_VALUE: Component returned failure code: 0x80070057 (NS_ERROR_ILLEGAL_VALUE) [nsIObserverService.removeObserver]
1609149384039	Marionette	INFO	Stopped listening on port 52270

###!!! [Child][RunMessage] Error: Channel closing: too late to send/recv, messages will be lost

1609149401394	geckodriver	INFO	Listening on 127.0.0.1:52295
1609149404461	mozrunner::runner	INFO	Running command: "C:\\Program Files\\Mozilla Firefox\\firefox.exe" "--marionette" "-foreground" "-no-remote" "-profile" "C:\\Users\\98du\\AppData\\Local\\Temp\\rust_mozprofilehKKbAa"
Can't find symbol 'eglSwapBuffersWithDamageEXT'.
Can't find symbol 'eglSetDamageRegionKHR'.
console.warn: SearchSettings: "get: No settings file exists, new profile?" (new Error("", "(unknown module)"))
1609149409875	Marionette	INFO	Listening on port 52307
1609149410189	Marionette	WARN	TLS certificate errors will be ignored for this session
1609149415348	Marionette	INFO	Stopped listening on port 52307

###!!! [Child][RunMessage] Error: Channel closing: too late to send/recv, messages will be lost

1609149561464	geckodriver	INFO	Listening on 127.0.0.1:52360
1609149564518	mozrunner::runner	INFO	Running command: "C:\\Program Files\\Mozilla Firefox\\firefox.exe" "--marionette" "-foreground" "-no-remote" "-profile" "C:\\Users\\98du\\AppData\\Local\\Temp\\rust_mozprofileD5DPQC"
Can't find symbol 'eglSwapBuffersWithDamageEXT'.
Can't find symbol 'eglSetDamageRegionKHR'.
console.warn: SearchSettings: "get: No settings file exists, new profile?" (new Error("", "(unknown module)"))
1609149570347	Marionette	INFO	Listening on port 52368
1609149570744	Marionette	WARN	TLS certificate errors will be ignored for this session
JavaScript error: https://www.tianyancha.com/, line 2: SyntaxError: missing } in compound statement
JavaScript note: https://www.tianyancha.com/, line 2: { opened at line 2, column 502
1609149595978	Marionette	INFO	Stopped listening on port 52368

###!!! [Child][RunMessage] Error: Channel closing: too late to send/recv, messages will be lost

1609149805770	geckodriver	INFO	Listening on 127.0.0.1:54864
1609149808820	mozrunner::runner	INFO	Running command: "C:\\Program Files\\Mozilla Firefox\\firefox.exe" "--marionette" "-foreground" "-no-remote" "-profile" "C:\\Users\\98du\\AppData\\Local\\Temp\\rust_mozprofileNiuKQM"
Can't find symbol 'eglSwapBuffersWithDamageEXT'.
Can't find symbol 'eglSetDamageRegionKHR'.
console.warn: SearchSettings: "get: No settings file exists, new profile?" (new Error("", "(unknown module)"))
1609149810412	Marionette	INFO	Listening on port 54872
1609149810856	Marionette	WARN	TLS certificate errors will be ignored for this session
JavaScript error: https://www.tianyancha.com/, line 2: SyntaxError: missing } in compound statement
JavaScript note: https://www.tianyancha.com/, line 2: { opened at line 2, column 502
1609150045591	Marionette	INFO	Stopped listening on port 54872

###!!! [Child][RunMessage] Error: Channel closing: too late to send/recv, messages will be lost

1609150052225	geckodriver	INFO	Listening on 127.0.0.1:51148
1609150055276	mozrunner::runner	INFO	Running command: "C:\\Program Files\\Mozilla Firefox\\firefox.exe" "--marionette" "-foreground" "-no-remote" "-profile" "C:\\Users\\98du\\AppData\\Local\\Temp\\rust_mozprofilek3eDdN"
Can't find symbol 'eglSwapBuffersWithDamageEXT'.
Can't find symbol 'eglSetDamageRegionKHR'.
console.warn: SearchSettings: "get: No settings file exists, new profile?" (new Error("", "(unknown module)"))
1609150056896	Marionette	INFO	Listening on port 51156
1609150057298	Marionette	WARN	TLS certificate errors will be ignored for this session
console.error: services.settings: 
  main/message-groups Signature failed  TypeError: NetworkError when attempting to fetch resource.
console.error: services.settings: 
  main/fxmonitor-breaches Signature failed  TypeError: NetworkError when attempting to fetch resource.
JavaScript error: https://www.tianyancha.com/, line 2: SyntaxError: missing } in compound statement
JavaScript note: https://www.tianyancha.com/, line 2: { opened at line 2, column 502
console.error: services.settings: 
  main/cfr-fxa Signature failed  TypeError: NetworkError when attempting to fetch resource.
console.error: services.settings: 
  main/partitioning-exempt-urls Signature failed  TypeError: NetworkError when attempting to fetch resource.
console.error: services.settings: 
  main/cfr Signature failed  TypeError: NetworkError when attempting to fetch resource.
console.error: services.settings: 
  main/whats-new-panel Signature failed  TypeError: NetworkError when attempting to fetch resource.
1609150271275	Marionette	INFO	Stopped listening on port 51156

###!!! [Child][RunMessage] Error: Channel closing: too late to send/recv, messages will be lost

1609209437953	geckodriver	INFO	Listening on 127.0.0.1:65178
1609209441003	mozrunner::runner	INFO	Running command: "C:\\Program Files\\Mozilla Firefox\\firefox.exe" "--marionette" "-foreground" "-no-remote" "-profile" "C:\\Users\\98du\\AppData\\Local\\Temp\\rust_mozprofileRhV81l"
Can't find symbol 'eglSwapBuffersWithDamageEXT'.
Can't find symbol 'eglSetDamageRegionKHR'.
console.warn: SearchSettings: "get: No settings file exists, new profile?" (new Error("", "(unknown module)"))
1609209442656	Marionette	INFO	Listening on port 65186
1609209443033	Marionette	WARN	TLS certificate errors will be ignored for this session
JavaScript error: https://www.tianyancha.com/, line 2: SyntaxError: missing } in compound statement
JavaScript note: https://www.tianyancha.com/, line 2: { opened at line 2, column 502
JavaScript error: , line 0: uncaught exception: Object
JavaScript error: https://www.tianyancha.com/, line 2: SyntaxError: missing } in compound statement
JavaScript note: https://www.tianyancha.com/, line 2: { opened at line 2, column 502
JavaScript warning: https://www.zhipin.com/web/common/security-js/b959db78.js, line 1: unreachable code after return statement
JavaScript warning: https://www.zhipin.com/web/common/security-js/b959db78.js, line 1: unreachable code after return statement
JavaScript warning: https://www.zhipin.com/web/common/security-js/b959db78.js, line 1: unreachable code after return statement
JavaScript warning: https://www.zhipin.com/web/common/security-js/b959db78.js, line 1: unreachable code after return statement
JavaScript warning: https://www.zhipin.com/web/common/security-js/b959db78.js, line 1: unreachable code after return statement
JavaScript warning: https://www.zhipin.com/web/common/security-js/b959db78.js, line 1: unreachable code after return statement
JavaScript warning: https://www.zhipin.com/web/common/security-js/b959db78.js, line 1: unreachable code after return statement
JavaScript warning: https://www.zhipin.com/web/common/security-js/b959db78.js, line 1: unreachable code after return statement
JavaScript warning: https://www.zhipin.com/web/common/security-js/b959db78.js, line 1: unreachable code after return statement
JavaScript warning: https://www.zhipin.com/web/common/security-js/b959db78.js, line 1: unreachable code after return statement
JavaScript warning: https://www.zhipin.com/web/common/security-js/b959db78.js, line 1: unreachable code after return statement
JavaScript warning: https://www.zhipin.com/web/common/security-js/b959db78.js, line 1: unreachable code after return statement
JavaScript warning: https://www.zhipin.com/web/common/security-js/b959db78.js, line 1: unreachable code after return statement
JavaScript warning: https://www.zhipin.com/web/common/security-js/b959db78.js, line 1: unreachable code after return statement
JavaScript warning: https://www.zhipin.com/web/common/security-js/b959db78.js, line 1: unreachable code after return statement
JavaScript warning: https://www.zhipin.com/web/common/security-js/b959db78.js, line 1: unreachable code after return statement
JavaScript warning: https://www.zhipin.com/web/common/security-js/b959db78.js, line 1: unreachable code after return statement
JavaScript warning: https://www.zhipin.com/web/common/security-js/b959db78.js, line 1: unreachable code after return statement
JavaScript warning: https://www.zhipin.com/web/common/security-js/b959db78.js, line 1: unreachable code after return statement
JavaScript warning: https://www.zhipin.com/web/common/security-js/b959db78.js, line 1: unreachable code after return statement
JavaScript warning: https://www.zhipin.com/web/common/security-js/b959db78.js, line 1: unreachable code after return statement
JavaScript warning: https://www.zhipin.com/web/common/security-js/b959db78.js, line 1: unreachable code after return statement
JavaScript warning: https://www.zhipin.com/web/common/security-js/b959db78.js, line 1: unreachable code after return statement
JavaScript warning: https://www.zhipin.com/web/common/security-js/b959db78.js, line 1: unreachable code after return statement
JavaScript warning: https://www.zhipin.com/web/common/security-js/b959db78.js, line 1: unreachable code after return statement
JavaScript warning: https://www.zhipin.com/web/common/security-js/b959db78.js, line 1: unreachable code after return statement
JavaScript warning: https://www.zhipin.com/web/common/security-js/b959db78.js, line 1: unreachable code after return statement
JavaScript warning: https://www.zhipin.com/web/common/security-js/b959db78.js, line 1: unreachable code after return statement
JavaScript warning: https://www.zhipin.com/web/common/security-js/b959db78.js, line 1: unreachable code after return statement
JavaScript warning: https://www.zhipin.com/web/common/security-js/b959db78.js, line 1: unreachable code after return statement
JavaScript warning: https://www.zhipin.com/web/common/security-js/b959db78.js, line 1: unreachable code after return statement
JavaScript warning: https://www.zhipin.com/web/common/security-js/b959db78.js, line 1: unreachable code after return statement
JavaScript warning: https://www.zhipin.com/web/common/security-js/b959db78.js, line 1: unreachable code after return statement
JavaScript warning: https://www.zhipin.com/web/common/security-js/b959db78.js, line 1: unreachable code after return statement
JavaScript warning: https://www.zhipin.com/web/common/security-js/b959db78.js, line 1: unreachable code after return statement
Can't find symbol 'eglSwapBuffersWithDamageEXT'.
Can't find symbol 'eglSetDamageRegionKHR'.
JavaScript warning: https://www.zhipin.com/web/common/security-js/b959db78.js, line 1: unreachable code after return statement
JavaScript warning: https://www.zhipin.com/web/common/security-js/b959db78.js, line 1: unreachable code after return statement
JavaScript warning: https://www.zhipin.com/web/common/security-js/b959db78.js, line 1: unreachable code after return statement
JavaScript warning: https://www.zhipin.com/web/common/security-js/b959db78.js, line 1: unreachable code after return statement
JavaScript warning: https://www.zhipin.com/web/common/security-js/b959db78.js, line 1: unreachable code after return statement
JavaScript warning: https://www.zhipin.com/web/common/security-js/b959db78.js, line 1: unreachable code after return statement
JavaScript warning: https://www.zhipin.com/web/common/security-js/b959db78.js, line 1: unreachable code after return statement
JavaScript warning: https://www.zhipin.com/web/common/security-js/b959db78.js, line 1: unreachable code after return statement
JavaScript warning: https://www.zhipin.com/web/common/security-js/b959db78.js, line 1: unreachable code after return statement
JavaScript warning: https://www.zhipin.com/web/common/security-js/b959db78.js, line 1: unreachable code after return statement
JavaScript warning: https://www.zhipin.com/web/common/security-js/b959db78.js, line 1: unreachable code after return statement
JavaScript warning: https://www.zhipin.com/web/common/security-js/b959db78.js, line 1: unreachable code after return statement
JavaScript warning: https://www.zhipin.com/web/common/security-js/b959db78.js, line 1: unreachable code after return statement
JavaScript warning: https://www.zhipin.com/web/common/security-js/b959db78.js, line 1: unreachable code after return statement
JavaScript warning: https://www.zhipin.com/web/common/security-js/b959db78.js, line 1: unreachable code after return statement
JavaScript warning: https://www.zhipin.com/web/common/security-js/b959db78.js, line 1: unreachable code after return statement
JavaScript warning: https://www.zhipin.com/web/common/security-js/b959db78.js, line 1: unreachable code after return statement
JavaScript warning: https://www.zhipin.com/web/common/security-js/b959db78.js, line 1: unreachable code after return statement
JavaScript warning: https://www.zhipin.com/web/common/security-js/b959db78.js, line 1: unreachable code after return statement
JavaScript warning: https://www.zhipin.com/web/common/security-js/b959db78.js, line 1: unreachable code after return statement
JavaScript warning: https://www.zhipin.com/web/common/security-js/b959db78.js, line 1: unreachable code after return statement
JavaScript warning: https://www.zhipin.com/web/common/security-js/b959db78.js, line 1: unreachable code after return statement
JavaScript warning: https://www.zhipin.com/web/common/security-js/b959db78.js, line 1: unreachable code after return statement
JavaScript warning: https://www.zhipin.com/web/common/security-js/b959db78.js, line 1: unreachable code after return statement
JavaScript warning: https://www.zhipin.com/web/common/security-js/b959db78.js, line 1: unreachable code after return statement
JavaScript warning: https://www.zhipin.com/web/common/security-js/b959db78.js, line 1: unreachable code after return statement
JavaScript warning: https://www.zhipin.com/web/common/security-js/b959db78.js, line 1: unreachable code after return statement
JavaScript warning: https://www.zhipin.com/web/common/security-js/b959db78.js, line 1: unreachable code after return statement
JavaScript warning: https://www.zhipin.com/web/common/security-js/b959db78.js, line 1: unreachable code after return statement
JavaScript warning: https://www.zhipin.com/web/common/security-js/b959db78.js, line 1: unreachable code after return statement
1609211084374	Marionette	INFO	Stopped listening on port 65186

###!!! [Child][RunMessage] Error: Channel closing: too late to send/recv, messages will be lost

"--marionette" "-foreground" "-no-remote" "-profile" "C:\\Users\\98du\\AppData\\Local\\Temp\\rust_mozprofile9RZ78r"
Can't find symbol 'eglSwapBuffersWithDamageEXT'.
Can't find symbol 'eglSetDamageRegionKHR'.
console.warn: SearchSettings: "get: No settings file exists, new profile?" (new Error("", "(unknown module)"))
1609210427858	Marionette	INFO	Listening on port 53407
1609210428162	Marionette	WARN	TLS certificate errors will be ignored for this session
JavaScript error: https://www.tianyancha.com/, line 2: SyntaxError: missing } in compound statement
JavaScript note: https://www.tianyancha.com/, line 2: { opened at line 2, column 502
JavaScript error: , line 0: uncaught exception: Object
JavaScript error: https://www.tianyancha.com/, line 2: SyntaxError: missing } in compound statement
JavaScript note: https://www.tianyancha.com/, line 2: { opened at line 2, column 502
JavaScript warning: https://www.zhipin.com/web/common/security-js/b959db78.js, line 1: unreachable code after return statement
JavaScript warning: https://www.zhipin.com/web/common/security-js/b959db78.js, line 1: unreachable code after return statement
JavaScript warning: https://www.zhipin.com/web/common/security-js/b959db78.js, line 1: unreachable code after return statement
JavaScript warning: https://www.zhipin.com/web/common/security-js/b959db78.js, line 1: unreachable code after return statement
JavaScript warning: https://www.zhipin.com/web/common/security-js/b959db78.js, line 1: unreachable code after return statement
JavaScript warning: https://www.zhipin.com/web/common/security-js/b959db78.js, line 1: unreachable code after return statement
JavaScript warning: https://www.zhipin.com/web/common/security-js/b959db78.js, line 1: unreachable code after return statement
JavaScript warning: https://www.zhipin.com/web/common/security-js/b959db78.js, line 1: unreachable code after return statement
JavaScript warning: https://www.zhipin.com/web/common/security-js/b959db78.js, line 1: unreachable code after return statement
JavaScript warning: https://www.zhipin.com/web/common/security-js/b959db78.js, line 1: unreachable code after return statement
JavaScript warning: https://www.zhipin.com/web/common/security-js/b959db78.js, line 1: unreachable code after return statement
JavaScript warning: https://www.zhipin.com/web/common/security-js/b959db78.js, line 1: unreachable code after return statement
JavaScript warning: https://www.zhipin.com/web/common/security-js/b959db78.js, line 1: unreachable code after return statement
JavaScript warning: https://www.zhipin.com/web/common/security-js/b959db78.js, line 1: unreachable code after return statement
JavaScript warning: https://www.zhipin.com/web/common/security-js/b959db78.js, line 1: unreachable code after return statement
JavaScript warning: https://www.zhipin.com/web/common/security-js/b959db78.js, line 1: unreachable code after return statement
JavaScript warning: https://www.zhipin.com/web/common/security-js/b959db78.js, line 1: unreachable code after return statement
JavaScript warning: https://www.zhipin.com/web/common/security-js/b959db78.js, line 1: unreachable code after return statement
JavaScript warning: https://www.zhipin.com/web/common/security-js/b959db78.js, line 1: unreachable code after return statement
JavaScript warning: https://www.zhipin.com/web/common/security-js/b959db78.js, line 1: unreachable code after return statement
JavaScript warning: https://www.zhipin.com/web/common/security-js/b959db78.js, line 1: unreachable code after return statement
JavaScript warning: https://www.zhipin.com/web/common/security-js/b959db78.js, line 1: unreachable code after return statement
JavaScript warning: https://www.zhipin.com/web/common/security-js/b959db78.js, line 1: unreachable code after return statement
JavaScript warning: https://www.zhipin.com/web/common/security-js/b959db78.js, line 1: unreachable code after return statement
JavaScript warning: https://www.zhipin.com/web/common/security-js/b959db78.js, line 1: unreachable code after return statement
JavaScript warning: https://www.zhipin.com/web/common/security-js/b959db78.js, line 1: unreachable code after return statement
JavaScript warning: https://www.zhipin.com/web/common/security-js/b959db78.js, line 1: unreachable code after return statement
JavaScript warning: https://www.zhipin.com/web/common/security-js/b959db78.js, line 1: unreachable code after return statement
JavaScript warning: https://www.zhipin.com/web/common/security-js/b959db78.js, line 1: unreachable code after return statement
JavaScript warning: https://www.zhipin.com/web/common/security-js/b959db78.js, line 1: unreachable code after return statement
JavaScript warning: https://www.zhipin.com/web/common/security-js/b959db78.js, line 1: unreachable code after return statement
JavaScript warning: https://www.zhipin.com/web/common/security-js/b959db78.js, line 1: unreachable code after return statement
JavaScript warning: https://www.zhipin.com/web/common/security-js/b959db78.js, line 1: unreachable code after return statement
JavaScript warning: https://www.zhipin.com/web/common/security-js/b959db78.js, line 1: unreachable code after return statement
JavaScript warning: https://www.zhipin.com/web/common/security-js/b959db78.js, line 1: unreachable code after return statement
JavaScript warning: https://www.zhipin.com/web/common/security-js/b959db78.js, line 1: unreachable code after return statement
JavaScript warning: https://www.zhipin.com/web/common/security-js/b959db78.js, line 1: unreachable code after return statement
JavaScript warning: https://www.zhipin.com/web/common/security-js/b959db78.js, line 1: unreachable code after return statement
JavaScript warning: https://www.zhipin.com/web/common/security-js/b959db78.js, line 1: unreachable code after return statement
JavaScript warning: https://www.zhipin.com/web/common/security-js/b959db78.js, line 1: unreachable code after return statement
JavaScript warning: https://www.zhipin.com/web/common/security-js/b959db78.js, line 1: unreachable code after return statement
JavaScript warning: https://www.zhipin.com/web/common/security-js/b959db78.js, line 1: unreachable code after return statement
JavaScript warning: https://www.zhipin.com/web/common/security-js/b959db78.js, line 1: unreachable code after return statement
JavaScript warning: https://www.zhipin.com/web/common/security-js/b959db78.js, line 1: unreachable code after return statement
JavaScript warning: https://www.zhipin.com/web/common/security-js/b959db78.js, line 1: unreachable code after return statement
JavaScript warning: https://www.zhipin.com/web/common/security-js/b959db78.js, line 1: unreachable code after return statement
JavaScript warning: https://www.zhipin.com/web/common/security-js/b959db78.js, line 1: unreachable code after return statement
JavaScript warning: https://www.zhipin.com/web/common/security-js/b959db78.js, line 1: unreachable code after return statement
JavaScript warning: https://www.zhipin.com/web/common/security-js/b959db78.js, line 1: unreachable code after return statement
JavaScript warning: https://www.zhipin.com/web/common/security-js/b959db78.js, line 1: unreachable code after return statement
JavaScript warning: https://www.zhipin.com/web/common/security-js/b959db78.js, line 1: unreachable code after return statement
JavaScript warning: https://www.zhipin.com/web/common/security-js/b959db78.js, line 1: unreachable code after return statement
JavaScript warning: https://www.zhipin.com/web/common/security-js/b959db78.js, line 1: unreachable code after return statement
JavaScript warning: https://www.zhipin.com/web/common/security-js/b959db78.js, line 1: unreachable code after return statement
JavaScript warning: https://www.zhipin.com/web/common/security-js/b959db78.js, line 1: unreachable code after return statement
JavaScript error: resource://activity-stream/lib/ASRouter.jsm, line 987: NS_ERROR_ILLEGAL_VALUE: Component returned failure code: 0x80070057 (NS_ERROR_ILLEGAL_VALUE) [nsIObserverService.removeObserver]
1609211141145	Marionette	INFO	Stopped listening on port 53407

###!!! [Child][RunMessage] Error: Channel closing: too late to send/recv, messages will be lost

KHR'.
console.warn: SearchSettings: "get: No settings file exists, new profile?" (new Error("", "(unknown module)"))
1609210940286	Marionette	INFO	Listening on port 63238
1609210940370	Marionette	WARN	TLS certificate errors will be ignored for this session
JavaScript error: https://www.tianyancha.com/, line 2: SyntaxError: missing } in compound statement
JavaScript note: https://www.tianyancha.com/, line 2: { opened at line 2, column 502
JavaScript error: , line 0: uncaught exception: Object
JavaScript error: https://www.tianyancha.com/, line 2: SyntaxError: missing } in compound statement
JavaScript note: https://www.tianyancha.com/, line 2: { opened at line 2, column 502
JavaScript warning: https://www.zhipin.com/web/common/security-js/b959db78.js, line 1: unreachable code after return statement
JavaScript warning: https://www.zhipin.com/web/common/security-js/b959db78.js, line 1: unreachable code after return statement
JavaScript warning: https://www.zhipin.com/web/common/security-js/b959db78.js, line 1: unreachable code after return statement
JavaScript warning: https://www.zhipin.com/web/common/security-js/b959db78.js, line 1: unreachable code after return statement
JavaScript warning: https://www.zhipin.com/web/common/security-js/b959db78.js, line 1: unreachable code after return statement
JavaScript warning: https://www.zhipin.com/web/common/security-js/b959db78.js, line 1: unreachable code after return statement
JavaScript warning: https://www.zhipin.com/web/common/security-js/b959db78.js, line 1: unreachable code after return statement
JavaScript warning: https://www.zhipin.com/web/common/security-js/b959db78.js, line 1: unreachable code after return statement
JavaScript warning: https://www.zhipin.com/web/common/security-js/b959db78.js, line 1: unreachable code after return statement
JavaScript warning: https://www.zhipin.com/web/common/security-js/b959db78.js, line 1: unreachable code after return statement
JavaScript warning: https://www.zhipin.com/web/common/security-js/b959db78.js, line 1: unreachable code after return statement
JavaScript warning: https://www.zhipin.com/web/common/security-js/b959db78.js, line 1: unreachable code after return statement
JavaScript warning: https://www.zhipin.com/web/common/security-js/b959db78.js, line 1: unreachable code after return statement
JavaScript warning: https://www.zhipin.com/web/common/security-js/b959db78.js, line 1: unreachable code after return statement
JavaScript warning: https://www.zhipin.com/web/common/security-js/b959db78.js, line 1: unreachable code after return statement
JavaScript warning: https://www.zhipin.com/web/common/security-js/b959db78.js, line 1: unreachable code after return statement
JavaScript warning: https://www.zhipin.com/web/common/security-js/b959db78.js, line 1: unreachable code after return statement
JavaScript warning: https://www.zhipin.com/web/common/security-js/b959db78.js, line 1: unreachable code after return statement
JavaScript warning: https://www.zhipin.com/web/common/security-js/b959db78.js, line 1: unreachable code after return statement
JavaScript warning: https://www.zhipin.com/web/common/security-js/b959db78.js, line 1: unreachable code after return statement
JavaScript warning: https://www.zhipin.com/web/common/security-js/b959db78.js, line 1: unreachable code after return statement
JavaScript warning: https://www.zhipin.com/web/common/security-js/b959db78.js, line 1: unreachable code after return statement
JavaScript warning: https://www.zhipin.com/web/common/security-js/b959db78.js, line 1: unreachable code after return statement
JavaScript warning: https://www.zhipin.com/web/common/security-js/b959db78.js, line 1: unreachable code after return statement
JavaScript warning: https://www.zhipin.com/web/common/security-js/b959db78.js, line 1: unreachable code after return statement
JavaScript warning: https://www.zhipin.com/web/common/security-js/b959db78.js, line 1: unreachable code after return statement
JavaScript warning: https://www.zhipin.com/web/common/security-js/b959db78.js, line 1: unreachable code after return statement
JavaScript warning: https://www.zhipin.com/web/common/security-js/b959db78.js, line 1: unreachable code after return statement
JavaScript warning: https://www.zhipin.com/web/common/security-js/b959db78.js, line 1: unreachable code after return statement
JavaScript warning: https://www.zhipin.com/web/common/security-js/b959db78.js, line 1: unreachable code after return statement
JavaScript warning: https://www.zhipin.com/web/common/security-js/b959db78.js, line 1: unreachable code after return statement
JavaScript warning: https://www.zhipin.com/web/common/security-js/b959db78.js, line 1: unreachable code after return statement
JavaScript warning: https://www.zhipin.com/web/common/security-js/b959db78.js, line 1: unreachable code after return statement
JavaScript warning: https://www.zhipin.com/web/common/security-js/b959db78.js, line 1: unreachable code after return statement
JavaScript warning: https://www.zhipin.com/web/common/security-js/b959db78.js, line 1: unreachable code after return statement
JavaScript warning: https://www.zhipin.com/web/common/security-js/b959db78.js, line 1: unreachable code after return statement
JavaScript warning: https://www.zhipin.com/web/common/security-js/b959db78.js, line 1: unreachable code after return statement
JavaScript warning: https://www.zhipin.com/web/common/security-js/b959db78.js, line 1: unreachable code after return statement
JavaScript warning: https://www.zhipin.com/web/common/security-js/b959db78.js, line 1: unreachable code after return statement
JavaScript warning: https://www.zhipin.com/web/common/security-js/b959db78.js, line 1: unreachable code after return statement
JavaScript warning: https://www.zhipin.com/web/common/security-js/b959db78.js, line 1: unreachable code after return statement
JavaScript warning: https://www.zhipin.com/web/common/security-js/b959db78.js, line 1: unreachable code after return statement
JavaScript warning: https://www.zhipin.com/web/common/security-js/b959db78.js, line 1: unreachable code after return statement
JavaScript warning: https://www.zhipin.com/web/common/security-js/b959db78.js, line 1: unreachable code after return statement
JavaScript warning: https://www.zhipin.com/web/common/security-js/b959db78.js, line 1: unreachable code after return statement
Can't find symbol 'eglSwapBuffersWithDamageEXT'.
Can't find symbol 'eglSetDamageRegionKHR'.
1609211080652	Marionette	INFO	Stopped listening on port 63238

###!!! [Child][RunMessage] Error: Channel closing: too late to send/recv, messages will be lost

